CRITICAL - 2022-02-08 03:57:24 --> The framework needs the following extension(s) installed and loaded: intl.
#0 C:\xampp\htdocs\ci4\system\CodeIgniter.php(219): CodeIgniter\Exceptions\FrameworkException::forMissingExtension()
#1 C:\xampp\htdocs\ci4\system\CodeIgniter.php(177): CodeIgniter\CodeIgniter->resolvePlatformExtensions()
#2 C:\xampp\htdocs\ci4\system\bootstrap.php(146): CodeIgniter\CodeIgniter->initialize()
#3 C:\xampp\htdocs\ci4\spark(45): require('...')
#4 {main}
CRITICAL - 2022-02-08 05:40:06 --> The framework needs the following extension(s) installed and loaded: intl.
#0 C:\xampp\htdocs\ci4\system\CodeIgniter.php(219): CodeIgniter\Exceptions\FrameworkException::forMissingExtension()
#1 C:\xampp\htdocs\ci4\system\CodeIgniter.php(177): CodeIgniter\CodeIgniter->resolvePlatformExtensions()
#2 C:\xampp\htdocs\ci4\system\bootstrap.php(146): CodeIgniter\CodeIgniter->initialize()
#3 C:\xampp\htdocs\ci4\spark(45): require('...')
#4 {main}
CRITICAL - 2022-02-08 07:02:21 --> The framework needs the following extension(s) installed and loaded: intl.
#0 C:\xampp\htdocs\ci4\system\CodeIgniter.php(219): CodeIgniter\Exceptions\FrameworkException::forMissingExtension()
#1 C:\xampp\htdocs\ci4\system\CodeIgniter.php(177): CodeIgniter\CodeIgniter->resolvePlatformExtensions()
#2 C:\xampp\htdocs\ci4\system\bootstrap.php(146): CodeIgniter\CodeIgniter->initialize()
#3 C:\xampp\htdocs\ci4\spark(45): require('...')
#4 {main}
CRITICAL - 2022-02-08 01:47:49 --> Invalid file: install/signin.php
#0 C:\xampp\htdocs\ci4\system\View\View.php(198): CodeIgniter\Exceptions\FrameworkException::forInvalidFile('install/signin....')
#1 C:\xampp\htdocs\ci4\system\Common.php(1089): CodeIgniter\View\View->render('install/signin', Array, true)
#2 C:\xampp\htdocs\ci4\app\Controllers\SigninController.php(11): view('install/signin')
#3 C:\xampp\htdocs\ci4\system\CodeIgniter.php(825): App\Controllers\SigninController->index()
#4 C:\xampp\htdocs\ci4\system\CodeIgniter.php(412): CodeIgniter\CodeIgniter->runController(Object(App\Controllers\SigninController))
#5 C:\xampp\htdocs\ci4\system\CodeIgniter.php(320): CodeIgniter\CodeIgniter->handleRequest(NULL, Object(Config\Cache), false)
#6 C:\xampp\htdocs\ci4\public\index.php(39): CodeIgniter\CodeIgniter->run()
#7 {main}
CRITICAL - 2022-02-08 02:54:10 --> App\Controllers\SigninController cannot implement App\Controllers\BaseController - it is not an interface
#0 [internal function]: CodeIgniter\Debug\Exceptions->shutdownHandler()
#1 {main}
CRITICAL - 2022-02-08 02:54:37 --> App\Controllers\SigninController cannot implement App\Controllers\BaseController - it is not an interface
#0 [internal function]: CodeIgniter\Debug\Exceptions->shutdownHandler()
#1 {main}
CRITICAL - 2022-02-08 02:54:39 --> App\Controllers\SigninController cannot implement App\Controllers\BaseController - it is not an interface
#0 [internal function]: CodeIgniter\Debug\Exceptions->shutdownHandler()
#1 {main}
CRITICAL - 2022-02-08 02:54:59 --> App\Controllers\SigninController cannot implement App\Controllers\BaseController - it is not an interface
#0 [internal function]: CodeIgniter\Debug\Exceptions->shutdownHandler()
#1 {main}
CRITICAL - 2022-02-08 02:55:00 --> App\Controllers\SigninController cannot implement App\Controllers\BaseController - it is not an interface
#0 [internal function]: CodeIgniter\Debug\Exceptions->shutdownHandler()
#1 {main}
CRITICAL - 2022-02-08 02:55:03 --> App\Controllers\SigninController cannot implement App\Controllers\BaseController - it is not an interface
#0 [internal function]: CodeIgniter\Debug\Exceptions->shutdownHandler()
#1 {main}
CRITICAL - 2022-02-08 02:55:03 --> App\Controllers\SigninController cannot implement App\Controllers\BaseController - it is not an interface
#0 [internal function]: CodeIgniter\Debug\Exceptions->shutdownHandler()
#1 {main}
CRITICAL - 2022-02-08 02:55:04 --> App\Controllers\SigninController cannot implement App\Controllers\BaseController - it is not an interface
#0 [internal function]: CodeIgniter\Debug\Exceptions->shutdownHandler()
#1 {main}
CRITICAL - 2022-02-08 02:55:04 --> App\Controllers\SigninController cannot implement App\Controllers\BaseController - it is not an interface
#0 [internal function]: CodeIgniter\Debug\Exceptions->shutdownHandler()
#1 {main}
CRITICAL - 2022-02-08 02:55:05 --> App\Controllers\SigninController cannot implement App\Controllers\BaseController - it is not an interface
#0 [internal function]: CodeIgniter\Debug\Exceptions->shutdownHandler()
#1 {main}
CRITICAL - 2022-02-08 02:55:06 --> App\Controllers\SigninController cannot implement App\Controllers\BaseController - it is not an interface
#0 [internal function]: CodeIgniter\Debug\Exceptions->shutdownHandler()
#1 {main}
CRITICAL - 2022-02-08 02:55:06 --> App\Controllers\SigninController cannot implement App\Controllers\BaseController - it is not an interface
#0 [internal function]: CodeIgniter\Debug\Exceptions->shutdownHandler()
#1 {main}
CRITICAL - 2022-02-08 02:55:07 --> App\Controllers\SigninController cannot implement App\Controllers\BaseController - it is not an interface
#0 [internal function]: CodeIgniter\Debug\Exceptions->shutdownHandler()
#1 {main}
CRITICAL - 2022-02-08 02:55:37 --> App\Controllers\SigninController cannot implement App\Controllers\BaseController - it is not an interface
#0 [internal function]: CodeIgniter\Debug\Exceptions->shutdownHandler()
#1 {main}
CRITICAL - 2022-02-08 02:55:38 --> App\Controllers\SigninController cannot implement App\Controllers\BaseController - it is not an interface
#0 [internal function]: CodeIgniter\Debug\Exceptions->shutdownHandler()
#1 {main}
CRITICAL - 2022-02-08 02:56:01 --> App\Controllers\SignupController cannot implement App\Controllers\BaseController - it is not an interface
#0 [internal function]: CodeIgniter\Debug\Exceptions->shutdownHandler()
#1 {main}
CRITICAL - 2022-02-08 05:48:08 --> Call to undefined method CodeIgniter\Router\RouteCollection::set()
#0 C:\xampp\htdocs\ci4\system\CodeIgniter.php(706): require()
#1 C:\xampp\htdocs\ci4\system\CodeIgniter.php(361): CodeIgniter\CodeIgniter->tryToRouteIt(Object(CodeIgniter\Router\RouteCollection))
#2 C:\xampp\htdocs\ci4\system\CodeIgniter.php(320): CodeIgniter\CodeIgniter->handleRequest(NULL, Object(Config\Cache), false)
#3 C:\xampp\htdocs\ci4\public\index.php(39): CodeIgniter\CodeIgniter->run()
#4 {main}
CRITICAL - 2022-02-08 05:48:28 --> Call to undefined method CodeIgniter\Router\RouteCollection::set()
#0 C:\xampp\htdocs\ci4\system\CodeIgniter.php(706): require()
#1 C:\xampp\htdocs\ci4\system\CodeIgniter.php(361): CodeIgniter\CodeIgniter->tryToRouteIt(Object(CodeIgniter\Router\RouteCollection))
#2 C:\xampp\htdocs\ci4\system\CodeIgniter.php(320): CodeIgniter\CodeIgniter->handleRequest(NULL, Object(Config\Cache), false)
#3 C:\xampp\htdocs\ci4\public\index.php(39): CodeIgniter\CodeIgniter->run()
#4 {main}
CRITICAL - 2022-02-08 11:54:19 --> The framework needs the following extension(s) installed and loaded: intl.
#0 C:\xampp\htdocs\ci4\system\CodeIgniter.php(219): CodeIgniter\Exceptions\FrameworkException::forMissingExtension()
#1 C:\xampp\htdocs\ci4\system\CodeIgniter.php(177): CodeIgniter\CodeIgniter->resolvePlatformExtensions()
#2 C:\xampp\htdocs\ci4\system\bootstrap.php(146): CodeIgniter\CodeIgniter->initialize()
#3 C:\xampp\htdocs\ci4\spark(45): require('...')
#4 {main}
CRITICAL - 2022-02-08 13:26:00 --> The framework needs the following extension(s) installed and loaded: curl, intl.
#0 C:\xampp\htdocs\ci4\system\CodeIgniter.php(219): CodeIgniter\Exceptions\FrameworkException::forMissingExtension('curl, intl')
#1 C:\xampp\htdocs\ci4\system\CodeIgniter.php(177): CodeIgniter\CodeIgniter->resolvePlatformExtensions()
#2 C:\xampp\htdocs\ci4\system\bootstrap.php(146): CodeIgniter\CodeIgniter->initialize()
#3 C:\xampp\htdocs\ci4\public\index.php(30): require('C:\\xampp\\htdocs...')
#4 {main}
CRITICAL - 2022-02-08 13:26:35 --> The framework needs the following extension(s) installed and loaded: curl.
#0 C:\xampp\htdocs\ci4\system\CodeIgniter.php(219): CodeIgniter\Exceptions\FrameworkException::forMissingExtension('curl')
#1 C:\xampp\htdocs\ci4\system\CodeIgniter.php(177): CodeIgniter\CodeIgniter->resolvePlatformExtensions()
#2 C:\xampp\htdocs\ci4\system\bootstrap.php(146): CodeIgniter\CodeIgniter->initialize()
#3 C:\xampp\htdocs\ci4\public\index.php(30): require('C:\\xampp\\htdocs...')
#4 {main}
CRITICAL - 2022-02-08 13:26:37 --> The framework needs the following extension(s) installed and loaded: curl.
#0 C:\xampp\htdocs\ci4\system\CodeIgniter.php(219): CodeIgniter\Exceptions\FrameworkException::forMissingExtension('curl')
#1 C:\xampp\htdocs\ci4\system\CodeIgniter.php(177): CodeIgniter\CodeIgniter->resolvePlatformExtensions()
#2 C:\xampp\htdocs\ci4\system\bootstrap.php(146): CodeIgniter\CodeIgniter->initialize()
#3 C:\xampp\htdocs\ci4\public\index.php(30): require('C:\\xampp\\htdocs...')
#4 {main}
CRITICAL - 2022-02-08 13:26:38 --> The framework needs the following extension(s) installed and loaded: curl.
#0 C:\xampp\htdocs\ci4\system\CodeIgniter.php(219): CodeIgniter\Exceptions\FrameworkException::forMissingExtension('curl')
#1 C:\xampp\htdocs\ci4\system\CodeIgniter.php(177): CodeIgniter\CodeIgniter->resolvePlatformExtensions()
#2 C:\xampp\htdocs\ci4\system\bootstrap.php(146): CodeIgniter\CodeIgniter->initialize()
#3 C:\xampp\htdocs\ci4\public\index.php(30): require('C:\\xampp\\htdocs...')
#4 {main}
CRITICAL - 2022-02-08 13:26:39 --> The framework needs the following extension(s) installed and loaded: curl.
#0 C:\xampp\htdocs\ci4\system\CodeIgniter.php(219): CodeIgniter\Exceptions\FrameworkException::forMissingExtension('curl')
#1 C:\xampp\htdocs\ci4\system\CodeIgniter.php(177): CodeIgniter\CodeIgniter->resolvePlatformExtensions()
#2 C:\xampp\htdocs\ci4\system\bootstrap.php(146): CodeIgniter\CodeIgniter->initialize()
#3 C:\xampp\htdocs\ci4\public\index.php(30): require('C:\\xampp\\htdocs...')
#4 {main}
CRITICAL - 2022-02-08 13:26:39 --> The framework needs the following extension(s) installed and loaded: curl.
#0 C:\xampp\htdocs\ci4\system\CodeIgniter.php(219): CodeIgniter\Exceptions\FrameworkException::forMissingExtension('curl')
#1 C:\xampp\htdocs\ci4\system\CodeIgniter.php(177): CodeIgniter\CodeIgniter->resolvePlatformExtensions()
#2 C:\xampp\htdocs\ci4\system\bootstrap.php(146): CodeIgniter\CodeIgniter->initialize()
#3 C:\xampp\htdocs\ci4\public\index.php(30): require('C:\\xampp\\htdocs...')
#4 {main}
CRITICAL - 2022-02-08 13:26:40 --> The framework needs the following extension(s) installed and loaded: curl.
#0 C:\xampp\htdocs\ci4\system\CodeIgniter.php(219): CodeIgniter\Exceptions\FrameworkException::forMissingExtension('curl')
#1 C:\xampp\htdocs\ci4\system\CodeIgniter.php(177): CodeIgniter\CodeIgniter->resolvePlatformExtensions()
#2 C:\xampp\htdocs\ci4\system\bootstrap.php(146): CodeIgniter\CodeIgniter->initialize()
#3 C:\xampp\htdocs\ci4\public\index.php(30): require('C:\\xampp\\htdocs...')
#4 {main}
CRITICAL - 2022-02-08 13:26:41 --> The framework needs the following extension(s) installed and loaded: curl.
#0 C:\xampp\htdocs\ci4\system\CodeIgniter.php(219): CodeIgniter\Exceptions\FrameworkException::forMissingExtension('curl')
#1 C:\xampp\htdocs\ci4\system\CodeIgniter.php(177): CodeIgniter\CodeIgniter->resolvePlatformExtensions()
#2 C:\xampp\htdocs\ci4\system\bootstrap.php(146): CodeIgniter\CodeIgniter->initialize()
#3 C:\xampp\htdocs\ci4\public\index.php(30): require('C:\\xampp\\htdocs...')
#4 {main}
CRITICAL - 2022-02-08 13:26:41 --> The framework needs the following extension(s) installed and loaded: curl.
#0 C:\xampp\htdocs\ci4\system\CodeIgniter.php(219): CodeIgniter\Exceptions\FrameworkException::forMissingExtension('curl')
#1 C:\xampp\htdocs\ci4\system\CodeIgniter.php(177): CodeIgniter\CodeIgniter->resolvePlatformExtensions()
#2 C:\xampp\htdocs\ci4\system\bootstrap.php(146): CodeIgniter\CodeIgniter->initialize()
#3 C:\xampp\htdocs\ci4\public\index.php(30): require('C:\\xampp\\htdocs...')
#4 {main}
CRITICAL - 2022-02-08 13:26:41 --> The framework needs the following extension(s) installed and loaded: curl.
#0 C:\xampp\htdocs\ci4\system\CodeIgniter.php(219): CodeIgniter\Exceptions\FrameworkException::forMissingExtension('curl')
#1 C:\xampp\htdocs\ci4\system\CodeIgniter.php(177): CodeIgniter\CodeIgniter->resolvePlatformExtensions()
#2 C:\xampp\htdocs\ci4\system\bootstrap.php(146): CodeIgniter\CodeIgniter->initialize()
#3 C:\xampp\htdocs\ci4\public\index.php(30): require('C:\\xampp\\htdocs...')
#4 {main}
CRITICAL - 2022-02-08 13:26:42 --> The framework needs the following extension(s) installed and loaded: curl.
#0 C:\xampp\htdocs\ci4\system\CodeIgniter.php(219): CodeIgniter\Exceptions\FrameworkException::forMissingExtension('curl')
#1 C:\xampp\htdocs\ci4\system\CodeIgniter.php(177): CodeIgniter\CodeIgniter->resolvePlatformExtensions()
#2 C:\xampp\htdocs\ci4\system\bootstrap.php(146): CodeIgniter\CodeIgniter->initialize()
#3 C:\xampp\htdocs\ci4\public\index.php(30): require('C:\\xampp\\htdocs...')
#4 {main}
CRITICAL - 2022-02-08 13:26:42 --> The framework needs the following extension(s) installed and loaded: curl.
#0 C:\xampp\htdocs\ci4\system\CodeIgniter.php(219): CodeIgniter\Exceptions\FrameworkException::forMissingExtension('curl')
#1 C:\xampp\htdocs\ci4\system\CodeIgniter.php(177): CodeIgniter\CodeIgniter->resolvePlatformExtensions()
#2 C:\xampp\htdocs\ci4\system\bootstrap.php(146): CodeIgniter\CodeIgniter->initialize()
#3 C:\xampp\htdocs\ci4\public\index.php(30): require('C:\\xampp\\htdocs...')
#4 {main}
CRITICAL - 2022-02-08 06:35:10 --> Undefined property: App\Controllers\SigninController::$session
#0 C:\xampp\htdocs\ci4\app\Controllers\SigninController.php(19): CodeIgniter\Debug\Exceptions->errorHandler(2, 'Undefined prope...', 'C:\\xampp\\htdocs...', 19)
#1 C:\xampp\htdocs\ci4\system\CodeIgniter.php(825): App\Controllers\SigninController->loginAuth()
#2 C:\xampp\htdocs\ci4\system\CodeIgniter.php(412): CodeIgniter\CodeIgniter->runController(Object(App\Controllers\SigninController))
#3 C:\xampp\htdocs\ci4\system\CodeIgniter.php(320): CodeIgniter\CodeIgniter->handleRequest(NULL, Object(Config\Cache), false)
#4 C:\xampp\htdocs\ci4\public\index.php(39): CodeIgniter\CodeIgniter->run()
#5 {main}
CRITICAL - 2022-02-08 06:35:29 --> Undefined constant "CodeIgniter\Database\MySQLi\MYSQLI_STORE_RESULT"
#0 C:\xampp\htdocs\ci4\system\Database\Database.php(56): CodeIgniter\Database\Database->initDriver('MySQLi', 'CodeIgniter\\Dat...', Array)
#1 C:\xampp\htdocs\ci4\system\Database\Config.php(78): CodeIgniter\Database\Database->load(Array, 'default')
#2 C:\xampp\htdocs\ci4\system\Model.php(97): CodeIgniter\Database\Config::connect('default')
#3 C:\xampp\htdocs\ci4\app\Controllers\SigninController.php(18): CodeIgniter\Model->__construct()
#4 C:\xampp\htdocs\ci4\system\CodeIgniter.php(825): App\Controllers\SigninController->loginAuth()
#5 C:\xampp\htdocs\ci4\system\CodeIgniter.php(412): CodeIgniter\CodeIgniter->runController(Object(App\Controllers\SigninController))
#6 C:\xampp\htdocs\ci4\system\CodeIgniter.php(320): CodeIgniter\CodeIgniter->handleRequest(NULL, Object(Config\Cache), false)
#7 C:\xampp\htdocs\ci4\public\index.php(39): CodeIgniter\CodeIgniter->run()
#8 {main}
CRITICAL - 2022-02-08 06:35:52 --> Undefined constant "CodeIgniter\Database\MySQLi\MYSQLI_STORE_RESULT"
#0 C:\xampp\htdocs\ci4\system\Database\Database.php(56): CodeIgniter\Database\Database->initDriver('MySQLi', 'CodeIgniter\\Dat...', Array)
#1 C:\xampp\htdocs\ci4\system\Database\Config.php(78): CodeIgniter\Database\Database->load(Array, 'default')
#2 C:\xampp\htdocs\ci4\system\Model.php(97): CodeIgniter\Database\Config::connect('default')
#3 C:\xampp\htdocs\ci4\app\Controllers\SigninController.php(18): CodeIgniter\Model->__construct()
#4 C:\xampp\htdocs\ci4\system\CodeIgniter.php(825): App\Controllers\SigninController->loginAuth()
#5 C:\xampp\htdocs\ci4\system\CodeIgniter.php(412): CodeIgniter\CodeIgniter->runController(Object(App\Controllers\SigninController))
#6 C:\xampp\htdocs\ci4\system\CodeIgniter.php(320): CodeIgniter\CodeIgniter->handleRequest(NULL, Object(Config\Cache), false)
#7 C:\xampp\htdocs\ci4\public\index.php(39): CodeIgniter\CodeIgniter->run()
#8 {main}
CRITICAL - 2022-02-08 06:37:07 --> Undefined constant "CodeIgniter\Database\MySQLi\MYSQLI_STORE_RESULT"
#0 C:\xampp\htdocs\ci4\system\Database\Database.php(56): CodeIgniter\Database\Database->initDriver('MySQLi', 'CodeIgniter\\Dat...', Array)
#1 C:\xampp\htdocs\ci4\system\Database\Config.php(78): CodeIgniter\Database\Database->load(Array, 'default')
#2 C:\xampp\htdocs\ci4\system\Model.php(97): CodeIgniter\Database\Config::connect('default')
#3 C:\xampp\htdocs\ci4\app\Controllers\SigninController.php(18): CodeIgniter\Model->__construct()
#4 C:\xampp\htdocs\ci4\system\CodeIgniter.php(825): App\Controllers\SigninController->loginAuth()
#5 C:\xampp\htdocs\ci4\system\CodeIgniter.php(412): CodeIgniter\CodeIgniter->runController(Object(App\Controllers\SigninController))
#6 C:\xampp\htdocs\ci4\system\CodeIgniter.php(320): CodeIgniter\CodeIgniter->handleRequest(NULL, Object(Config\Cache), false)
#7 C:\xampp\htdocs\ci4\public\index.php(39): CodeIgniter\CodeIgniter->run()
#8 {main}
CRITICAL - 2022-02-08 06:39:10 --> Undefined constant "CodeIgniter\Database\MySQLi\MYSQLI_STORE_RESULT"
#0 C:\xampp\htdocs\ci4\system\Database\Database.php(56): CodeIgniter\Database\Database->initDriver('MySQLi', 'CodeIgniter\\Dat...', Array)
#1 C:\xampp\htdocs\ci4\system\Database\Config.php(78): CodeIgniter\Database\Database->load(Array, 'default')
#2 C:\xampp\htdocs\ci4\system\Model.php(97): CodeIgniter\Database\Config::connect('default')
#3 C:\xampp\htdocs\ci4\app\Controllers\SigninController.php(18): CodeIgniter\Model->__construct()
#4 C:\xampp\htdocs\ci4\system\CodeIgniter.php(825): App\Controllers\SigninController->loginAuth()
#5 C:\xampp\htdocs\ci4\system\CodeIgniter.php(412): CodeIgniter\CodeIgniter->runController(Object(App\Controllers\SigninController))
#6 C:\xampp\htdocs\ci4\system\CodeIgniter.php(320): CodeIgniter\CodeIgniter->handleRequest(NULL, Object(Config\Cache), false)
#7 C:\xampp\htdocs\ci4\public\index.php(39): CodeIgniter\CodeIgniter->run()
#8 {main}
CRITICAL - 2022-02-08 06:39:14 --> Undefined constant "CodeIgniter\Database\MySQLi\MYSQLI_STORE_RESULT"
#0 C:\xampp\htdocs\ci4\system\Database\Database.php(56): CodeIgniter\Database\Database->initDriver('MySQLi', 'CodeIgniter\\Dat...', Array)
#1 C:\xampp\htdocs\ci4\system\Database\Config.php(78): CodeIgniter\Database\Database->load(Array, 'default')
#2 C:\xampp\htdocs\ci4\system\Model.php(97): CodeIgniter\Database\Config::connect('default')
#3 C:\xampp\htdocs\ci4\app\Controllers\SigninController.php(18): CodeIgniter\Model->__construct()
#4 C:\xampp\htdocs\ci4\system\CodeIgniter.php(825): App\Controllers\SigninController->loginAuth()
#5 C:\xampp\htdocs\ci4\system\CodeIgniter.php(412): CodeIgniter\CodeIgniter->runController(Object(App\Controllers\SigninController))
#6 C:\xampp\htdocs\ci4\system\CodeIgniter.php(320): CodeIgniter\CodeIgniter->handleRequest(NULL, Object(Config\Cache), false)
#7 C:\xampp\htdocs\ci4\public\index.php(39): CodeIgniter\CodeIgniter->run()
#8 {main}
CRITICAL - 2022-02-08 06:40:12 --> Class "CI4\Database\MySQLi\Connection" not found
#0 C:\xampp\htdocs\ci4\system\Database\Database.php(56): CodeIgniter\Database\Database->initDriver('MySQLi', 'CI4\\Database\\My...', Array)
#1 C:\xampp\htdocs\ci4\system\Database\Config.php(78): CodeIgniter\Database\Database->load(Array, 'default')
#2 C:\xampp\htdocs\ci4\system\Model.php(97): CodeIgniter\Database\Config::connect('default')
#3 C:\xampp\htdocs\ci4\app\Controllers\SigninController.php(18): CodeIgniter\Model->__construct()
#4 C:\xampp\htdocs\ci4\system\CodeIgniter.php(825): App\Controllers\SigninController->loginAuth()
#5 C:\xampp\htdocs\ci4\system\CodeIgniter.php(412): CodeIgniter\CodeIgniter->runController(Object(App\Controllers\SigninController))
#6 C:\xampp\htdocs\ci4\system\CodeIgniter.php(320): CodeIgniter\CodeIgniter->handleRequest(NULL, Object(Config\Cache), false)
#7 C:\xampp\htdocs\ci4\public\index.php(39): CodeIgniter\CodeIgniter->run()
#8 {main}
CRITICAL - 2022-02-08 06:40:19 --> Class "CI4\Database\MySQLi\Connection" not found
#0 C:\xampp\htdocs\ci4\system\Database\Database.php(56): CodeIgniter\Database\Database->initDriver('MySQLi', 'CI4\\Database\\My...', Array)
#1 C:\xampp\htdocs\ci4\system\Database\Config.php(78): CodeIgniter\Database\Database->load(Array, 'default')
#2 C:\xampp\htdocs\ci4\system\Model.php(97): CodeIgniter\Database\Config::connect('default')
#3 C:\xampp\htdocs\ci4\app\Controllers\SigninController.php(18): CodeIgniter\Model->__construct()
#4 C:\xampp\htdocs\ci4\system\CodeIgniter.php(825): App\Controllers\SigninController->loginAuth()
#5 C:\xampp\htdocs\ci4\system\CodeIgniter.php(412): CodeIgniter\CodeIgniter->runController(Object(App\Controllers\SigninController))
#6 C:\xampp\htdocs\ci4\system\CodeIgniter.php(320): CodeIgniter\CodeIgniter->handleRequest(NULL, Object(Config\Cache), false)
#7 C:\xampp\htdocs\ci4\public\index.php(39): CodeIgniter\CodeIgniter->run()
#8 {main}
CRITICAL - 2022-02-08 06:40:35 --> Undefined constant "CodeIgniter\Database\MySQLi\MYSQLI_STORE_RESULT"
#0 C:\xampp\htdocs\ci4\system\Database\Database.php(56): CodeIgniter\Database\Database->initDriver('MySQLi', 'CodeIgniter\\Dat...', Array)
#1 C:\xampp\htdocs\ci4\system\Database\Config.php(78): CodeIgniter\Database\Database->load(Array, 'default')
#2 C:\xampp\htdocs\ci4\system\Model.php(97): CodeIgniter\Database\Config::connect('default')
#3 C:\xampp\htdocs\ci4\app\Controllers\SigninController.php(18): CodeIgniter\Model->__construct()
#4 C:\xampp\htdocs\ci4\system\CodeIgniter.php(825): App\Controllers\SigninController->loginAuth()
#5 C:\xampp\htdocs\ci4\system\CodeIgniter.php(412): CodeIgniter\CodeIgniter->runController(Object(App\Controllers\SigninController))
#6 C:\xampp\htdocs\ci4\system\CodeIgniter.php(320): CodeIgniter\CodeIgniter->handleRequest(NULL, Object(Config\Cache), false)
#7 C:\xampp\htdocs\ci4\public\index.php(39): CodeIgniter\CodeIgniter->run()
#8 {main}
CRITICAL - 2022-02-08 06:43:36 --> Undefined constant "CodeIgniter\Database\MySQLi\MYSQLI_STORE_RESULT"
#0 C:\xampp\htdocs\ci4\system\Database\Database.php(56): CodeIgniter\Database\Database->initDriver('MySQLi', 'CodeIgniter\\Dat...', Array)
#1 C:\xampp\htdocs\ci4\system\Database\Config.php(78): CodeIgniter\Database\Database->load(Array, 'default')
#2 C:\xampp\htdocs\ci4\system\Model.php(97): CodeIgniter\Database\Config::connect('default')
#3 C:\xampp\htdocs\ci4\app\Controllers\SigninController.php(18): CodeIgniter\Model->__construct()
#4 C:\xampp\htdocs\ci4\system\CodeIgniter.php(825): App\Controllers\SigninController->loginAuth()
#5 C:\xampp\htdocs\ci4\system\CodeIgniter.php(412): CodeIgniter\CodeIgniter->runController(Object(App\Controllers\SigninController))
#6 C:\xampp\htdocs\ci4\system\CodeIgniter.php(320): CodeIgniter\CodeIgniter->handleRequest(NULL, Object(Config\Cache), false)
#7 C:\xampp\htdocs\ci4\public\index.php(39): CodeIgniter\CodeIgniter->run()
#8 {main}
CRITICAL - 2022-02-08 06:43:40 --> Undefined constant "CodeIgniter\Database\MySQLi\MYSQLI_STORE_RESULT"
#0 C:\xampp\htdocs\ci4\system\Database\Database.php(56): CodeIgniter\Database\Database->initDriver('MySQLi', 'CodeIgniter\\Dat...', Array)
#1 C:\xampp\htdocs\ci4\system\Database\Config.php(78): CodeIgniter\Database\Database->load(Array, 'default')
#2 C:\xampp\htdocs\ci4\system\Model.php(97): CodeIgniter\Database\Config::connect('default')
#3 C:\xampp\htdocs\ci4\app\Controllers\SigninController.php(18): CodeIgniter\Model->__construct()
#4 C:\xampp\htdocs\ci4\system\CodeIgniter.php(825): App\Controllers\SigninController->loginAuth()
#5 C:\xampp\htdocs\ci4\system\CodeIgniter.php(412): CodeIgniter\CodeIgniter->runController(Object(App\Controllers\SigninController))
#6 C:\xampp\htdocs\ci4\system\CodeIgniter.php(320): CodeIgniter\CodeIgniter->handleRequest(NULL, Object(Config\Cache), false)
#7 C:\xampp\htdocs\ci4\public\index.php(39): CodeIgniter\CodeIgniter->run()
#8 {main}
CRITICAL - 2022-02-08 06:43:43 --> Undefined constant "CodeIgniter\Database\MySQLi\MYSQLI_STORE_RESULT"
#0 C:\xampp\htdocs\ci4\system\Database\Database.php(56): CodeIgniter\Database\Database->initDriver('MySQLi', 'CodeIgniter\\Dat...', Array)
#1 C:\xampp\htdocs\ci4\system\Database\Config.php(78): CodeIgniter\Database\Database->load(Array, 'default')
#2 C:\xampp\htdocs\ci4\system\Model.php(97): CodeIgniter\Database\Config::connect('default')
#3 C:\xampp\htdocs\ci4\app\Controllers\SigninController.php(18): CodeIgniter\Model->__construct()
#4 C:\xampp\htdocs\ci4\system\CodeIgniter.php(825): App\Controllers\SigninController->loginAuth()
#5 C:\xampp\htdocs\ci4\system\CodeIgniter.php(412): CodeIgniter\CodeIgniter->runController(Object(App\Controllers\SigninController))
#6 C:\xampp\htdocs\ci4\system\CodeIgniter.php(320): CodeIgniter\CodeIgniter->handleRequest(NULL, Object(Config\Cache), false)
#7 C:\xampp\htdocs\ci4\public\index.php(39): CodeIgniter\CodeIgniter->run()
#8 {main}
ERROR - 2022-02-08 06:51:56 --> Error connecting to the database: Access denied for user '****'@'localhost' (using password: YES)
CRITICAL - 2022-02-08 06:51:56 --> Unable to connect to the database.
Main connection [MySQLi]: Access denied for user '****'@'localhost' (using password: YES)
#0 C:\xampp\htdocs\ci4\system\Database\BaseConnection.php(577): CodeIgniter\Database\BaseConnection->initialize()
#1 C:\xampp\htdocs\ci4\system\Database\BaseBuilder.php(1455): CodeIgniter\Database\BaseConnection->query('SELECT *\nFROM `...', Array, false)
#2 C:\xampp\htdocs\ci4\system\Model.php(210): CodeIgniter\Database\BaseBuilder->get()
#3 C:\xampp\htdocs\ci4\system\BaseModel.php(622): CodeIgniter\Model->doFirst()
#4 C:\xampp\htdocs\ci4\app\Controllers\SigninController.php(21): CodeIgniter\BaseModel->first()
#5 C:\xampp\htdocs\ci4\system\CodeIgniter.php(825): App\Controllers\SigninController->loginAuth()
#6 C:\xampp\htdocs\ci4\system\CodeIgniter.php(412): CodeIgniter\CodeIgniter->runController(Object(App\Controllers\SigninController))
#7 C:\xampp\htdocs\ci4\system\CodeIgniter.php(320): CodeIgniter\CodeIgniter->handleRequest(NULL, Object(Config\Cache), false)
#8 C:\xampp\htdocs\ci4\public\index.php(39): CodeIgniter\CodeIgniter->run()
#9 {main}
CRITICAL - 2022-02-08 07:31:57 --> Invalid file: edit_user.php
#0 C:\xampp\htdocs\ci4\system\View\View.php(198): CodeIgniter\Exceptions\FrameworkException::forInvalidFile('edit_user.php')
#1 C:\xampp\htdocs\ci4\system\Common.php(1089): CodeIgniter\View\View->render('edit_user', Array, true)
#2 C:\xampp\htdocs\ci4\app\Controllers\UserCrud.php(35): view('edit_user', Array)
#3 C:\xampp\htdocs\ci4\system\CodeIgniter.php(825): App\Controllers\UserCrud->singleUser('1')
#4 C:\xampp\htdocs\ci4\system\CodeIgniter.php(412): CodeIgniter\CodeIgniter->runController(Object(App\Controllers\UserCrud))
#5 C:\xampp\htdocs\ci4\system\CodeIgniter.php(320): CodeIgniter\CodeIgniter->handleRequest(NULL, Object(Config\Cache), false)
#6 C:\xampp\htdocs\ci4\public\index.php(39): CodeIgniter\CodeIgniter->run()
#7 {main}
CRITICAL - 2022-02-08 07:42:06 --> Invalid file: edit_user.php
#0 C:\xampp\htdocs\ci4\system\View\View.php(198): CodeIgniter\Exceptions\FrameworkException::forInvalidFile('edit_user.php')
#1 C:\xampp\htdocs\ci4\system\Common.php(1089): CodeIgniter\View\View->render('edit_user', Array, true)
#2 C:\xampp\htdocs\ci4\app\Controllers\UserCrud.php(35): view('edit_user', Array)
#3 C:\xampp\htdocs\ci4\system\CodeIgniter.php(825): App\Controllers\UserCrud->singleUser('2')
#4 C:\xampp\htdocs\ci4\system\CodeIgniter.php(412): CodeIgniter\CodeIgniter->runController(Object(App\Controllers\UserCrud))
#5 C:\xampp\htdocs\ci4\system\CodeIgniter.php(320): CodeIgniter\CodeIgniter->handleRequest(NULL, Object(Config\Cache), false)
#6 C:\xampp\htdocs\ci4\public\index.php(39): CodeIgniter\CodeIgniter->run()
#7 {main}
CRITICAL - 2022-02-08 07:44:49 --> Invalid file: edit_user.php
#0 C:\xampp\htdocs\ci4\system\View\View.php(198): CodeIgniter\Exceptions\FrameworkException::forInvalidFile('edit_user.php')
#1 C:\xampp\htdocs\ci4\system\Common.php(1089): CodeIgniter\View\View->render('edit_user', Array, true)
#2 C:\xampp\htdocs\ci4\app\Controllers\UserCrud.php(35): view('edit_user', Array)
#3 C:\xampp\htdocs\ci4\system\CodeIgniter.php(825): App\Controllers\UserCrud->singleUser('2')
#4 C:\xampp\htdocs\ci4\system\CodeIgniter.php(412): CodeIgniter\CodeIgniter->runController(Object(App\Controllers\UserCrud))
#5 C:\xampp\htdocs\ci4\system\CodeIgniter.php(320): CodeIgniter\CodeIgniter->handleRequest(NULL, Object(Config\Cache), false)
#6 C:\xampp\htdocs\ci4\public\index.php(39): CodeIgniter\CodeIgniter->run()
#7 {main}
CRITICAL - 2022-02-08 07:44:50 --> Invalid file: edit_user.php
#0 C:\xampp\htdocs\ci4\system\View\View.php(198): CodeIgniter\Exceptions\FrameworkException::forInvalidFile('edit_user.php')
#1 C:\xampp\htdocs\ci4\system\Common.php(1089): CodeIgniter\View\View->render('edit_user', Array, true)
#2 C:\xampp\htdocs\ci4\app\Controllers\UserCrud.php(35): view('edit_user', Array)
#3 C:\xampp\htdocs\ci4\system\CodeIgniter.php(825): App\Controllers\UserCrud->singleUser('2')
#4 C:\xampp\htdocs\ci4\system\CodeIgniter.php(412): CodeIgniter\CodeIgniter->runController(Object(App\Controllers\UserCrud))
#5 C:\xampp\htdocs\ci4\system\CodeIgniter.php(320): CodeIgniter\CodeIgniter->handleRequest(NULL, Object(Config\Cache), false)
#6 C:\xampp\htdocs\ci4\public\index.php(39): CodeIgniter\CodeIgniter->run()
#7 {main}
CRITICAL - 2022-02-08 07:44:51 --> Invalid file: edit_user.php
#0 C:\xampp\htdocs\ci4\system\View\View.php(198): CodeIgniter\Exceptions\FrameworkException::forInvalidFile('edit_user.php')
#1 C:\xampp\htdocs\ci4\system\Common.php(1089): CodeIgniter\View\View->render('edit_user', Array, true)
#2 C:\xampp\htdocs\ci4\app\Controllers\UserCrud.php(35): view('edit_user', Array)
#3 C:\xampp\htdocs\ci4\system\CodeIgniter.php(825): App\Controllers\UserCrud->singleUser('2')
#4 C:\xampp\htdocs\ci4\system\CodeIgniter.php(412): CodeIgniter\CodeIgniter->runController(Object(App\Controllers\UserCrud))
#5 C:\xampp\htdocs\ci4\system\CodeIgniter.php(320): CodeIgniter\CodeIgniter->handleRequest(NULL, Object(Config\Cache), false)
#6 C:\xampp\htdocs\ci4\public\index.php(39): CodeIgniter\CodeIgniter->run()
#7 {main}
CRITICAL - 2022-02-08 07:44:52 --> Invalid file: edit_user.php
#0 C:\xampp\htdocs\ci4\system\View\View.php(198): CodeIgniter\Exceptions\FrameworkException::forInvalidFile('edit_user.php')
#1 C:\xampp\htdocs\ci4\system\Common.php(1089): CodeIgniter\View\View->render('edit_user', Array, true)
#2 C:\xampp\htdocs\ci4\app\Controllers\UserCrud.php(35): view('edit_user', Array)
#3 C:\xampp\htdocs\ci4\system\CodeIgniter.php(825): App\Controllers\UserCrud->singleUser('2')
#4 C:\xampp\htdocs\ci4\system\CodeIgniter.php(412): CodeIgniter\CodeIgniter->runController(Object(App\Controllers\UserCrud))
#5 C:\xampp\htdocs\ci4\system\CodeIgniter.php(320): CodeIgniter\CodeIgniter->handleRequest(NULL, Object(Config\Cache), false)
#6 C:\xampp\htdocs\ci4\public\index.php(39): CodeIgniter\CodeIgniter->run()
#7 {main}
